app/build/intermediates/manifest_merge_blame_file/debug/processDebugMainManifest/manifest-merger-blame-debug-report.txt
1<?xml version="1.0" encoding="utf-8"?>
2<manifest xmlns:android="http://schemas.android.com/apk/res/android"
3    package="com.example.mobile_carrent"
4    android:versionCode="1"
5    android:versionName="1.0" >
6
7    <uses-sdk
8        android:minSdkVersion="25"
9        android:targetSdkVersion="34" />
10
11    <uses-permission android:name="android.permission.ACCESS_NETWORK_STATE" />
11-->src\main\AndroidManifest.xml:5:5-79
11-->src\main\AndroidManifest.xml:5:22-76
12    <uses-permission android:name="android.permission.INTERNET" />
12-->src\main\AndroidManifest.xml:6:5-67
12-->src\main\AndroidManifest.xml:6:22-64
13    <uses-permission android:name="com.google.android.providers.gsf.permission.READ_GSERVICES" />
13-->[com.google.android.recaptcha:recaptcha:18.4.0] AndroidManifest.xml:9:5-98
13-->[com.google.android.recaptcha:recaptcha:18.4.0] AndroidManifest.xml:9:22-95
14
15    <application
15-->src\main\AndroidManifest.xml:7:5-49:19
16        android:allowBackup="true"
16-->src\main\AndroidManifest.xml:10:9-35
17        android:appComponentFactory="androidx.core.app.CoreComponentFactory"
17-->[androidx.core:core:1.8.0] AndroidManifest.xml:24:18-86
18        android:dataExtractionRules="@xml/data_extraction_rules"
18-->src\main\AndroidManifest.xml:11:9-65
19        android:debuggable="true"
20        android:enableOnBackInvokedCallback="true"
20-->src\main\AndroidManifest.xml:18:9-51
21        android:extractNativeLibs="false"
22        android:fullBackupContent="@xml/backup_rules"
22-->src\main\AndroidManifest.xml:12:9-54
23        android:icon="@mipmap/ic_launcher"
23-->src\main\AndroidManifest.xml:13:9-43
24        android:label="@string/app_name"
24-->src\main\AndroidManifest.xml:14:9-41
25        android:roundIcon="@mipmap/ic_launcher_round"
25-->src\main\AndroidManifest.xml:15:9-54
26        android:supportsRtl="true"
26-->src\main\AndroidManifest.xml:16:9-35
27        android:testOnly="true"
28        android:theme="@style/Theme.Mobile_carRent"
28-->src\main\AndroidManifest.xml:17:9-52
29        android:usesCleartextTraffic="true" >
29-->src\main\AndroidManifest.xml:9:9-44
30        <activity
30-->src\main\AndroidManifest.xml:20:9-22:40
31            android:name="com.example.mobile_carrent.ForgetPass"
31-->src\main\AndroidManifest.xml:21:13-39
32            android:exported="false" />
32-->src\main\AndroidManifest.xml:22:13-37
33        <activity
33-->src\main\AndroidManifest.xml:23:9-25:40
34            android:name="com.example.mobile_carrent.loggin"
34-->src\main\AndroidManifest.xml:24:13-35
35            android:exported="false" />
35-->src\main\AndroidManifest.xml:25:13-37
36        <activity
36-->src\main\AndroidManifest.xml:27:9-29:40
37            android:name="com.example.mobile_carrent.ResetEmail"
37-->src\main\AndroidManifest.xml:28:13-39
38            android:exported="false" />
38-->src\main\AndroidManifest.xml:29:13-37
39        <activity
39-->src\main\AndroidManifest.xml:30:9-32:38
40            android:name="com.example.mobile_carrent.ConfirmReservation"
40-->src\main\AndroidManifest.xml:31:13-47
41            android:exported="true" />
41-->src\main\AndroidManifest.xml:32:13-36
42        <activity
42-->src\main\AndroidManifest.xml:33:9-35:40
43            android:name="com.example.mobile_carrent.singUp"
43-->src\main\AndroidManifest.xml:34:13-35
44            android:exported="false" />
44-->src\main\AndroidManifest.xml:35:13-37
45        <activity
45-->src\main\AndroidManifest.xml:36:9-38:38
46            android:name="com.example.mobile_carrent.RecyclerView"
46-->src\main\AndroidManifest.xml:37:12-40
47            android:exported="false" />
47-->src\main\AndroidManifest.xml:38:11-35
48        <activity
48-->src\main\AndroidManifest.xml:39:9-47:20
49            android:name="com.example.mobile_carrent.MainActivity"
49-->src\main\AndroidManifest.xml:40:13-41
50            android:exported="true" >
50-->src\main\AndroidManifest.xml:41:13-36
51            <intent-filter>
51-->src\main\AndroidManifest.xml:42:13-46:29
52                <action android:name="android.intent.action.MAIN" />
52-->src\main\AndroidManifest.xml:43:17-69
52-->src\main\AndroidManifest.xml:43:25-66
53
54                <category android:name="android.intent.category.LAUNCHER" />
54-->src\main\AndroidManifest.xml:45:17-77
54-->src\main\AndroidManifest.xml:45:27-74
55            </intent-filter>
56        </activity>
57        <activity
57-->[com.google.firebase:firebase-auth:23.0.0] AndroidManifest.xml:29:9-46:20
58            android:name="com.google.firebase.auth.internal.GenericIdpActivity"
58-->[com.google.firebase:firebase-auth:23.0.0] AndroidManifest.xml:30:13-80
59            android:excludeFromRecents="true"
59-->[com.google.firebase:firebase-auth:23.0.0] AndroidManifest.xml:31:13-46
60            android:exported="true"
60-->[com.google.firebase:firebase-auth:23.0.0] AndroidManifest.xml:32:13-36
61            android:launchMode="singleTask"
61-->[com.google.firebase:firebase-auth:23.0.0] AndroidManifest.xml:33:13-44
62            android:theme="@android:style/Theme.Translucent.NoTitleBar" >
62-->[com.google.firebase:firebase-auth:23.0.0] AndroidManifest.xml:34:13-72
63            <intent-filter>
63-->[com.google.firebase:firebase-auth:23.0.0] AndroidManifest.xml:35:13-45:29
64                <action android:name="android.intent.action.VIEW" />
64-->[com.google.firebase:firebase-auth:23.0.0] AndroidManifest.xml:36:17-69
64-->[com.google.firebase:firebase-auth:23.0.0] AndroidManifest.xml:36:25-66
65
66                <category android:name="android.intent.category.DEFAULT" />
66-->[com.google.firebase:firebase-auth:23.0.0] AndroidManifest.xml:38:17-76
66-->[com.google.firebase:firebase-auth:23.0.0] AndroidManifest.xml:38:27-73
67                <category android:name="android.intent.category.BROWSABLE" />
67-->[com.google.firebase:firebase-auth:23.0.0] AndroidManifest.xml:39:17-78
67-->[com.google.firebase:firebase-auth:23.0.0] AndroidManifest.xml:39:27-75
68
69                <data
69-->[com.google.firebase:firebase-auth:23.0.0] AndroidManifest.xml:41:17-44:51
70                    android:host="firebase.auth"
70-->[com.google.firebase:firebase-auth:23.0.0] AndroidManifest.xml:42:21-49
71                    android:path="/"
71-->[com.google.firebase:firebase-auth:23.0.0] AndroidManifest.xml:43:21-37
72                    android:scheme="genericidp" />
72-->[com.google.firebase:firebase-auth:23.0.0] AndroidManifest.xml:44:21-48
73            </intent-filter>
74        </activity>
75        <activity
75-->[com.google.firebase:firebase-auth:23.0.0] AndroidManifest.xml:47:9-64:20
76            android:name="com.google.firebase.auth.internal.RecaptchaActivity"
76-->[com.google.firebase:firebase-auth:23.0.0] AndroidManifest.xml:48:13-79
77            android:excludeFromRecents="true"
77-->[com.google.firebase:firebase-auth:23.0.0] AndroidManifest.xml:49:13-46
78            android:exported="true"
78-->[com.google.firebase:firebase-auth:23.0.0] AndroidManifest.xml:50:13-36
79            android:launchMode="singleTask"
79-->[com.google.firebase:firebase-auth:23.0.0] AndroidManifest.xml:51:13-44
80            android:theme="@android:style/Theme.Translucent.NoTitleBar" >
80-->[com.google.firebase:firebase-auth:23.0.0] AndroidManifest.xml:52:13-72
81            <intent-filter>
81-->[com.google.firebase:firebase-auth:23.0.0] AndroidManifest.xml:53:13-63:29
82                <action android:name="android.intent.action.VIEW" />
82-->[com.google.firebase:firebase-auth:23.0.0] AndroidManifest.xml:36:17-69
82-->[com.google.firebase:firebase-auth:23.0.0] AndroidManifest.xml:36:25-66
83
84                <category android:name="android.intent.category.DEFAULT" />
84-->[com.google.firebase:firebase-auth:23.0.0] AndroidManifest.xml:38:17-76
84-->[com.google.firebase:firebase-auth:23.0.0] AndroidManifest.xml:38:27-73
85                <category android:name="android.intent.category.BROWSABLE" />
85-->[com.google.firebase:firebase-auth:23.0.0] AndroidManifest.xml:39:17-78
85-->[com.google.firebase:firebase-auth:23.0.0] AndroidManifest.xml:39:27-75
86
87                <data
87-->[com.google.firebase:firebase-auth:23.0.0] AndroidManifest.xml:41:17-44:51
88                    android:host="firebase.auth"
88-->[com.google.firebase:firebase-auth:23.0.0] AndroidManifest.xml:42:21-49
89                    android:path="/"
89-->[com.google.firebase:firebase-auth:23.0.0] AndroidManifest.xml:43:21-37
90                    android:scheme="recaptcha" />
90-->[com.google.firebase:firebase-auth:23.0.0] AndroidManifest.xml:44:21-48
91            </intent-filter>
92        </activity>
93
94        <service
94-->[com.google.firebase:firebase-auth:23.0.0] AndroidManifest.xml:66:9-72:19
95            android:name="com.google.firebase.components.ComponentDiscoveryService"
95-->[com.google.firebase:firebase-auth:23.0.0] AndroidManifest.xml:67:13-84
96            android:directBootAware="true"
96-->[com.google.firebase:firebase-common:21.0.0] AndroidManifest.xml:32:13-43
97            android:exported="false" >
97-->[com.google.firebase:firebase-auth:23.0.0] AndroidManifest.xml:68:13-37
98            <meta-data
98-->[com.google.firebase:firebase-auth:23.0.0] AndroidManifest.xml:69:13-71:85
99                android:name="com.google.firebase.components:com.google.firebase.auth.FirebaseAuthRegistrar"
99-->[com.google.firebase:firebase-auth:23.0.0] AndroidManifest.xml:70:17-109
100                android:value="com.google.firebase.components.ComponentRegistrar" />
100-->[com.google.firebase:firebase-auth:23.0.0] AndroidManifest.xml:71:17-82
101            <meta-data
101-->[com.google.firebase:firebase-common-ktx:21.0.0] AndroidManifest.xml:12:13-14:85
102                android:name="com.google.firebase.components:com.google.firebase.ktx.FirebaseCommonLegacyRegistrar"
102-->[com.google.firebase:firebase-common-ktx:21.0.0] AndroidManifest.xml:13:17-116
103                android:value="com.google.firebase.components.ComponentRegistrar" />
103-->[com.google.firebase:firebase-common-ktx:21.0.0] AndroidManifest.xml:14:17-82
104            <meta-data
104-->[com.google.firebase:firebase-common:21.0.0] AndroidManifest.xml:35:13-37:85
105                android:name="com.google.firebase.components:com.google.firebase.FirebaseCommonKtxRegistrar"
105-->[com.google.firebase:firebase-common:21.0.0] AndroidManifest.xml:36:17-109
106                android:value="com.google.firebase.components.ComponentRegistrar" />
106-->[com.google.firebase:firebase-common:21.0.0] AndroidManifest.xml:37:17-82
107        </service>
108        <service
108-->[androidx.credentials:credentials-play-services-auth:1.2.0-rc01] AndroidManifest.xml:24:9-32:19
109            android:name="androidx.credentials.playservices.CredentialProviderMetadataHolder"
109-->[androidx.credentials:credentials-play-services-auth:1.2.0-rc01] AndroidManifest.xml:25:13-94
110            android:enabled="true"
110-->[androidx.credentials:credentials-play-services-auth:1.2.0-rc01] AndroidManifest.xml:26:13-35
111            android:exported="false" >
111-->[androidx.credentials:credentials-play-services-auth:1.2.0-rc01] AndroidManifest.xml:27:13-37
112            <meta-data
112-->[androidx.credentials:credentials-play-services-auth:1.2.0-rc01] AndroidManifest.xml:29:13-31:104
113                android:name="androidx.credentials.CREDENTIAL_PROVIDER_KEY"
113-->[androidx.credentials:credentials-play-services-auth:1.2.0-rc01] AndroidManifest.xml:30:17-76
114                android:value="androidx.credentials.playservices.CredentialProviderPlayServicesImpl" />
114-->[androidx.credentials:credentials-play-services-auth:1.2.0-rc01] AndroidManifest.xml:31:17-101
115        </service>
116
117        <activity
117-->[androidx.credentials:credentials-play-services-auth:1.2.0-rc01] AndroidManifest.xml:34:9-41:20
118            android:name="androidx.credentials.playservices.HiddenActivity"
118-->[androidx.credentials:credentials-play-services-auth:1.2.0-rc01] AndroidManifest.xml:35:13-76
119            android:configChanges="orientation|screenSize|screenLayout|keyboardHidden"
119-->[androidx.credentials:credentials-play-services-auth:1.2.0-rc01] AndroidManifest.xml:36:13-87
120            android:enabled="true"
120-->[androidx.credentials:credentials-play-services-auth:1.2.0-rc01] AndroidManifest.xml:37:13-35
121            android:exported="false"
121-->[androidx.credentials:credentials-play-services-auth:1.2.0-rc01] AndroidManifest.xml:38:13-37
122            android:fitsSystemWindows="true"
122-->[androidx.credentials:credentials-play-services-auth:1.2.0-rc01] AndroidManifest.xml:39:13-45
123            android:theme="@style/Theme.Hidden" >
123-->[androidx.credentials:credentials-play-services-auth:1.2.0-rc01] AndroidManifest.xml:40:13-48
124        </activity>
125        <activity
125-->[com.google.android.gms:play-services-auth:20.7.0] AndroidManifest.xml:23:9-27:75
126            android:name="com.google.android.gms.auth.api.signin.internal.SignInHubActivity"
126-->[com.google.android.gms:play-services-auth:20.7.0] AndroidManifest.xml:24:13-93
127            android:excludeFromRecents="true"
127-->[com.google.android.gms:play-services-auth:20.7.0] AndroidManifest.xml:25:13-46
128            android:exported="false"
128-->[com.google.android.gms:play-services-auth:20.7.0] AndroidManifest.xml:26:13-37
129            android:theme="@android:style/Theme.Translucent.NoTitleBar" />
129-->[com.google.android.gms:play-services-auth:20.7.0] AndroidManifest.xml:27:13-72
130        <!--
131            Service handling Google Sign-In user revocation. For apps that do not integrate with
132            Google Sign-In, this service will never be started.
133        -->
134        <service
134-->[com.google.android.gms:play-services-auth:20.7.0] AndroidManifest.xml:33:9-37:51
135            android:name="com.google.android.gms.auth.api.signin.RevocationBoundService"
135-->[com.google.android.gms:play-services-auth:20.7.0] AndroidManifest.xml:34:13-89
136            android:exported="true"
136-->[com.google.android.gms:play-services-auth:20.7.0] AndroidManifest.xml:35:13-36
137            android:permission="com.google.android.gms.auth.api.signin.permission.REVOCATION_NOTIFICATION"
137-->[com.google.android.gms:play-services-auth:20.7.0] AndroidManifest.xml:36:13-107
138            android:visibleToInstantApps="true" />
138-->[com.google.android.gms:play-services-auth:20.7.0] AndroidManifest.xml:37:13-48
139
140        <provider
140-->[com.google.firebase:firebase-common:21.0.0] AndroidManifest.xml:23:9-28:39
141            android:name="com.google.firebase.provider.FirebaseInitProvider"
141-->[com.google.firebase:firebase-common:21.0.0] AndroidManifest.xml:24:13-77
142            android:authorities="com.example.mobile_carrent.firebaseinitprovider"
142-->[com.google.firebase:firebase-common:21.0.0] AndroidManifest.xml:25:13-72
143            android:directBootAware="true"
143-->[com.google.firebase:firebase-common:21.0.0] AndroidManifest.xml:26:13-43
144            android:exported="false"
144-->[com.google.firebase:firebase-common:21.0.0] AndroidManifest.xml:27:13-37
145            android:initOrder="100" />
145-->[com.google.firebase:firebase-common:21.0.0] AndroidManifest.xml:28:13-36
146
147        <activity
147-->[com.google.android.gms:play-services-base:18.0.1] AndroidManifest.xml:20:9-22:45
148            android:name="com.google.android.gms.common.api.GoogleApiActivity"
148-->[com.google.android.gms:play-services-base:18.0.1] AndroidManifest.xml:20:19-85
149            android:exported="false"
149-->[com.google.android.gms:play-services-base:18.0.1] AndroidManifest.xml:22:19-43
150            android:theme="@android:style/Theme.Translucent.NoTitleBar" />
150-->[com.google.android.gms:play-services-base:18.0.1] AndroidManifest.xml:21:19-78
151
152        <provider
152-->[androidx.emoji2:emoji2:1.0.0] AndroidManifest.xml:26:9-34:20
153            android:name="androidx.startup.InitializationProvider"
153-->[androidx.emoji2:emoji2:1.0.0] AndroidManifest.xml:27:13-67
154            android:authorities="com.example.mobile_carrent.androidx-startup"
154-->[androidx.emoji2:emoji2:1.0.0] AndroidManifest.xml:28:13-68
155            android:exported="false" >
155-->[androidx.emoji2:emoji2:1.0.0] AndroidManifest.xml:29:13-37
156            <meta-data
156-->[androidx.emoji2:emoji2:1.0.0] AndroidManifest.xml:31:13-33:52
157                android:name="androidx.emoji2.text.EmojiCompatInitializer"
157-->[androidx.emoji2:emoji2:1.0.0] AndroidManifest.xml:32:17-75
158                android:value="androidx.startup" />
158-->[androidx.emoji2:emoji2:1.0.0] AndroidManifest.xml:33:17-49
159            <meta-data
159-->[androidx.lifecycle:lifecycle-process:2.6.1] AndroidManifest.xml:29:13-31:52
160                android:name="androidx.lifecycle.ProcessLifecycleInitializer"
160-->[androidx.lifecycle:lifecycle-process:2.6.1] AndroidManifest.xml:30:17-78
161                android:value="androidx.startup" />
161-->[androidx.lifecycle:lifecycle-process:2.6.1] AndroidManifest.xml:31:17-49
162            <meta-data
162-->[androidx.profileinstaller:profileinstaller:1.3.0] AndroidManifest.xml:29:13-31:52
163                android:name="androidx.profileinstaller.ProfileInstallerInitializer"
163-->[androidx.profileinstaller:profileinstaller:1.3.0] AndroidManifest.xml:30:17-85
164                android:value="androidx.startup" />
164-->[androidx.profileinstaller:profileinstaller:1.3.0] AndroidManifest.xml:31:17-49
165        </provider>
166
167        <meta-data
167-->[com.google.android.gms:play-services-basement:18.3.0] AndroidManifest.xml:21:9-23:69
168            android:name="com.google.android.gms.version"
168-->[com.google.android.gms:play-services-basement:18.3.0] AndroidManifest.xml:22:13-58
169            android:value="@integer/google_play_services_version" />
169-->[com.google.android.gms:play-services-basement:18.3.0] AndroidManifest.xml:23:13-66
170
171        <receiver
171-->[androidx.profileinstaller:profileinstaller:1.3.0] AndroidManifest.xml:34:9-52:20
172            android:name="androidx.profileinstaller.ProfileInstallReceiver"
172-->[androidx.profileinstaller:profileinstaller:1.3.0] AndroidManifest.xml:35:13-76
173            android:directBootAware="false"
173-->[androidx.profileinstaller:profileinstaller:1.3.0] AndroidManifest.xml:36:13-44
174            android:enabled="true"
174-->[androidx.profileinstaller:profileinstaller:1.3.0] AndroidManifest.xml:37:13-35
175            android:exported="true"
175-->[androidx.profileinstaller:profileinstaller:1.3.0] AndroidManifest.xml:38:13-36
176            android:permission="android.permission.DUMP" >
176-->[androidx.profileinstaller:profileinstaller:1.3.0] AndroidManifest.xml:39:13-57
177            <intent-filter>
177-->[androidx.profileinstaller:profileinstaller:1.3.0] AndroidManifest.xml:40:13-42:29
178                <action android:name="androidx.profileinstaller.action.INSTALL_PROFILE" />
178-->[androidx.profileinstaller:profileinstaller:1.3.0] AndroidManifest.xml:41:17-91
178-->[androidx.profileinstaller:profileinstaller:1.3.0] AndroidManifest.xml:41:25-88
179            </intent-filter>
180            <intent-filter>
180-->[androidx.profileinstaller:profileinstaller:1.3.0] AndroidManifest.xml:43:13-45:29
181                <action android:name="androidx.profileinstaller.action.SKIP_FILE" />
181-->[androidx.profileinstaller:profileinstaller:1.3.0] AndroidManifest.xml:44:17-85
181-->[androidx.profileinstaller:profileinstaller:1.3.0] AndroidManifest.xml:44:25-82
182            </intent-filter>
183            <intent-filter>
183-->[androidx.profileinstaller:profileinstaller:1.3.0] AndroidManifest.xml:46:13-48:29
184                <action android:name="androidx.profileinstaller.action.SAVE_PROFILE" />
184-->[androidx.profileinstaller:profileinstaller:1.3.0] AndroidManifest.xml:47:17-88
184-->[androidx.profileinstaller:profileinstaller:1.3.0] AndroidManifest.xml:47:25-85
185            </intent-filter>
186            <intent-filter>
186-->[androidx.profileinstaller:profileinstaller:1.3.0] AndroidManifest.xml:49:13-51:29
187                <action android:name="androidx.profileinstaller.action.BENCHMARK_OPERATION" />
187-->[androidx.profileinstaller:profileinstaller:1.3.0] AndroidManifest.xml:50:17-95
187-->[androidx.profileinstaller:profileinstaller:1.3.0] AndroidManifest.xml:50:25-92
188            </intent-filter>
189        </receiver>
190    </application>
191
192</manifest>